\BOOKMARK [1][-]{section.I}{Abstract}{}% 1
\BOOKMARK [1][-]{section*.1}{Contents}{}% 2
\BOOKMARK [1][-]{section.III}{List of Figures}{}% 3
\BOOKMARK [1][-]{section.IV}{List of Tables}{}% 4
\BOOKMARK [1][-]{section.V}{List of Abbreviations}{}% 5
\BOOKMARK [1][-]{section.1}{Introduction}{}% 6
\BOOKMARK [2][-]{subsection.1.1}{Related Work}{section.1}% 7
\BOOKMARK [1][-]{section.2}{Background}{}% 8
\BOOKMARK [2][-]{subsection.2.1}{What is fog?}{section.2}% 9
\BOOKMARK [2][-]{subsection.2.2}{Rules for safe traffic sign detection}{section.2}% 10
\BOOKMARK [2][-]{subsection.2.3}{Color Spaces}{section.2}% 11
\BOOKMARK [1][-]{section.3}{Software}{}% 12
\BOOKMARK [2][-]{subsection.3.1}{Functionality}{section.3}% 13
\BOOKMARK [2][-]{subsection.3.2}{Algorithms}{section.3}% 14
\BOOKMARK [1][-]{section.4}{Experiments}{}% 15
\BOOKMARK [2][-]{subsection.4.1}{Steps}{section.4}% 16
\BOOKMARK [2][-]{subsection.4.2}{Results}{section.4}% 17
\BOOKMARK [1][-]{section.5}{Conclusion}{}% 18
\BOOKMARK [1][-]{section.6}{Formatierungs-Beispiele}{}% 19
\BOOKMARK [2][-]{subsection.6.1}{Bilder}{section.6}% 20
\BOOKMARK [2][-]{subsection.6.2}{Tabellen}{section.6}% 21
\BOOKMARK [2][-]{subsection.6.3}{Auflistung}{section.6}% 22
\BOOKMARK [2][-]{subsection.6.4}{Listings}{section.6}% 23
\BOOKMARK [2][-]{subsection.6.5}{Tipps}{section.6}% 24
\BOOKMARK [1][-]{section.7}{Bibliography}{}% 25
\BOOKMARK [1][-]{section*.4}{Anhang}{}% 26
\BOOKMARK [1][-]{appendix.A}{GUI}{}% 27
